# JRE version: Java(TM) SE Runtime Environment (21.0.6+8) (build 21.0.6+8-LTS-188)
# Java VM: Java HotSpot(TM) 64-Bit Server VM (21.0.6+8-LTS-188, mixed mode, sharing, tiered, compressed oops, compressed class ptrs, g1 gc, windows-amd64)
GC Precious Log:
 CardTable entry size: 512
 Card Set container configuration: InlinePtr #cards 5 size 8 Array Of Cards #cards 12 size 40 Howl #buckets 4 coarsen threshold 1843 Howl Bitmap #cards 512 size 80 coarsen threshold 460 Card regions per heap region 1 cards per card region 2048
 CPUs: 8 total, 8 available
 Memory: 7413M
 Large Page Support: Disabled
 NUMA Support: Disabled
 Compressed Oops: Enabled (32-bit)
 Heap Region Size: 1M
 Heap Min Capacity: 8M
 Heap Initial Capacity: 116M
 Heap Max Capacity: 1854M
 Pre-touch: Disabled
 Parallel Workers: 8
 Concurrent Workers: 2
 Concurrent Refinement Workers: 8
 Periodic GC: Disabled
Heap:
 garbage-first heap   total 61440K, used 44043K [0x000000008c200000, 0x0000000100000000)
  region size 1024K, 18 young (18432K), 3 survivors (3072K)
 Metaspace       used 71652K, committed 72384K, reserved 1114112K
  class space    used 9845K, committed 10176K, reserved 1048576K
GC Heap History (20 events):
Event: 4.136 GC heap before
{Heap before GC invocations=4 (full 0):
 garbage-first heap   total 51200K, used 36716K [0x000000008c200000, 0x0000000100000000)
  region size 1024K, 30 young (30720K), 6 survivors (6144K)
 Metaspace       used 24589K, committed 25024K, reserved 1114112K
  class space    used 3107K, committed 3328K, reserved 1048576K
}
Event: 4.145 GC heap after
{Heap after GC invocations=5 (full 0):
 garbage-first heap   total 51200K, used 15516K [0x000000008c200000, 0x0000000100000000)
  region size 1024K, 3 young (3072K), 3 survivors (3072K)
 Metaspace       used 24589K, committed 25024K, reserved 1114112K
  class space    used 3107K, committed 3328K, reserved 1048576K
}
Event: 4.983 GC heap before
{Heap before GC invocations=5 (full 0):
 garbage-first heap   total 51200K, used 39068K [0x000000008c200000, 0x0000000100000000)
  region size 1024K, 26 young (26624K), 3 survivors (3072K)
 Metaspace       used 29403K, committed 29888K, reserved 1114112K
  class space    used 3751K, committed 3968K, reserved 1048576K
}
Event: 4.993 GC heap after
{Heap after GC invocations=6 (full 0):
 garbage-first heap   total 51200K, used 17698K [0x000000008c200000, 0x0000000100000000)
  region size 1024K, 3 young (3072K), 3 survivors (3072K)
 Metaspace       used 29403K, committed 29888K, reserved 1114112K
  class space    used 3751K, committed 3968K, reserved 1048576K
}
Event: 5.937 GC heap before
{Heap before GC invocations=6 (full 0):
 garbage-first heap   total 51200K, used 39202K [0x000000008c200000, 0x0000000100000000)
  region size 1024K, 25 young (25600K), 3 survivors (3072K)
 Metaspace       used 34578K, committed 35200K, reserved 1114112K
  class space    used 4391K, committed 4672K, reserved 1048576K
}
Event: 5.941 GC heap after
{Heap after GC invocations=7 (full 0):
 garbage-first heap   total 51200K, used 20434K [0x000000008c200000, 0x0000000100000000)
  region size 1024K, 3 young (3072K), 3 survivors (3072K)
 Metaspace       used 34578K, committed 35200K, reserved 1114112K
  class space    used 4391K, committed 4672K, reserved 1048576K
}
Event: 6.082 GC heap before
{Heap before GC invocations=7 (full 0):
 garbage-first heap   total 51200K, used 22482K [0x000000008c200000, 0x0000000100000000)
  region size 1024K, 6 young (6144K), 3 survivors (3072K)
 Metaspace       used 35385K, committed 35968K, reserved 1114112K
  class space    used 4494K, committed 4800K, reserved 1048576K
}
Event: 6.085 GC heap after
{Heap after GC invocations=8 (full 0):
 garbage-first heap   total 51200K, used 20725K [0x000000008c200000, 0x0000000100000000)
  region size 1024K, 1 young (1024K), 1 survivors (1024K)
 Metaspace       used 35385K, committed 35968K, reserved 1114112K
  class space    used 4494K, committed 4800K, reserved 1048576K
}
Event: 7.525 GC heap before
{Heap before GC invocations=9 (full 0):
 garbage-first heap   total 51200K, used 42229K [0x000000008c200000, 0x0000000100000000)
  region size 1024K, 22 young (22528K), 1 survivors (1024K)
 Metaspace       used 41102K, committed 41728K, reserved 1114112K
  class space    used 5534K, committed 5824K, reserved 1048576K
}
Event: 7.529 GC heap after
{Heap after GC invocations=10 (full 0):
 garbage-first heap   total 61440K, used 22227K [0x000000008c200000, 0x0000000100000000)
  region size 1024K, 2 young (2048K), 2 survivors (2048K)
 Metaspace       used 41102K, committed 41728K, reserved 1114112K
  class space    used 5534K, committed 5824K, reserved 1048576K
}
Event: 9.423 GC heap before
{Heap before GC invocations=10 (full 0):
 garbage-first heap   total 61440K, used 50899K [0x000000008c200000, 0x0000000100000000)
  region size 1024K, 31 young (31744K), 2 survivors (2048K)
 Metaspace       used 49875K, committed 50560K, reserved 1114112K
  class space    used 6665K, committed 6976K, reserved 1048576K
}
Event: 9.427 GC heap after
{Heap after GC invocations=11 (full 0):
 garbage-first heap   total 61440K, used 23844K [0x000000008c200000, 0x0000000100000000)
  region size 1024K, 4 young (4096K), 4 survivors (4096K)
 Metaspace       used 49875K, committed 50560K, reserved 1114112K
  class space    used 6665K, committed 6976K, reserved 1048576K
}
Event: 10.577 GC heap before
{Heap before GC invocations=11 (full 0):
 garbage-first heap   total 61440K, used 52516K [0x000000008c200000, 0x0000000100000000)
  region size 1024K, 32 young (32768K), 4 survivors (4096K)
 Metaspace       used 58094K, committed 58752K, reserved 1114112K
  class space    used 7836K, committed 8128K, reserved 1048576K
}
Event: 10.582 GC heap after
{Heap after GC invocations=12 (full 0):
 garbage-first heap   total 61440K, used 25553K [0x000000008c200000, 0x0000000100000000)
  region size 1024K, 4 young (4096K), 4 survivors (4096K)
 Metaspace       used 58094K, committed 58752K, reserved 1114112K
  class space    used 7836K, committed 8128K, reserved 1048576K
}
Event: 10.743 GC heap before
{Heap before GC invocations=12 (full 0):
 garbage-first heap   total 61440K, used 30673K [0x000000008c200000, 0x0000000100000000)
  region size 1024K, 10 young (10240K), 4 survivors (4096K)
 Metaspace       used 59448K, committed 60096K, reserved 1114112K
  class space    used 8101K, committed 8384K, reserved 1048576K
}
Event: 10.746 GC heap after
{Heap after GC invocations=13 (full 0):
 garbage-first heap   total 61440K, used 25702K [0x000000008c200000, 0x0000000100000000)
  region size 1024K, 2 young (2048K), 2 survivors (2048K)
 Metaspace       used 59448K, committed 60096K, reserved 1114112K
  class space    used 8101K, committed 8384K, reserved 1048576K
}
Event: 12.024 GC heap before
{Heap before GC invocations=14 (full 0):
 garbage-first heap   total 61440K, used 54374K [0x000000008c200000, 0x0000000100000000)
  region size 1024K, 30 young (30720K), 2 survivors (2048K)
 Metaspace       used 65345K, committed 66048K, reserved 1114112K
  class space    used 9026K, committed 9344K, reserved 1048576K
}
Event: 12.028 GC heap after
{Heap after GC invocations=15 (full 0):
 garbage-first heap   total 61440K, used 27859K [0x000000008c200000, 0x0000000100000000)
  region size 1024K, 4 young (4096K), 4 survivors (4096K)
 Metaspace       used 65345K, committed 66048K, reserved 1114112K
  class space    used 9026K, committed 9344K, reserved 1048576K
}
Event: 13.489 GC heap before
{Heap before GC invocations=15 (full 0):
 garbage-first heap   total 61440K, used 52435K [0x000000008c200000, 0x0000000100000000)
  region size 1024K, 29 young (29696K), 4 survivors (4096K)
 Metaspace       used 69386K, committed 70208K, reserved 1114112K
  class space    used 9564K, committed 9920K, reserved 1048576K
}
Event: 13.495 GC heap after
{Heap after GC invocations=16 (full 0):
 garbage-first heap   total 61440K, used 29707K [0x000000008c200000, 0x0000000100000000)
  region size 1024K, 3 young (3072K), 3 survivors (3072K)
 Metaspace       used 69386K, committed 70208K, reserved 1114112K
  class space    used 9564K, committed 9920K, reserved 1048576K
}

